<?xml version="1.0" encoding="UTF-8"?>
<!-- Generated by org.testng.reporters.JUnitReportReporter -->
<testsuite skipped="0" hostname="LAPTOP-A5GJABUP" name="com.org.test.TacxTestAssignment" tests="1" failures="0" timestamp="2020-11-22T22:53:53 CET" time="43.128" errors="0">
  <testcase name="tc_06_clickSignUp_withdetails" time="43.128" classname="com.org.test.TacxTestAssignment"/>
</testsuite> <!-- com.org.test.TacxTestAssignment -->
