<?xml version="1.0" encoding="UTF-8"?>
<!-- Generated by org.testng.reporters.JUnitReportReporter -->
<testsuite skipped="0" hostname="LAPTOP-A5GJABUP" name="com.org.test.RestApiAutomation" tests="5" failures="0" timestamp="2020-12-02T17:31:22 CET" time="7.060" errors="0">
  <testcase name="GetSingleEmployeeData" time="2.214" classname="com.org.test.RestApiAutomation"/>
  <testcase name="testGetAllEmployee" time="0.152" classname="com.org.test.RestApiAutomation"/>
  <testcase name="updateEmployee" time="0.786" classname="com.org.test.RestApiAutomation"/>
  <testcase name="CreateEmployee" time="3.073" classname="com.org.test.RestApiAutomation"/>
  <testcase name="deleteEmployee" time="0.835" classname="com.org.test.RestApiAutomation"/>
</testsuite> <!-- com.org.test.RestApiAutomation -->
