<?xml version="1.0" encoding="UTF-8"?>
<!-- Generated by org.testng.reporters.JUnitReportReporter -->
<testsuite skipped="0" hostname="LAPTOP-A5GJABUP" name="com.org.test.TacxTestAssignment" tests="1" failures="0" timestamp="2020-12-02T22:29:32 CET" time="38.364" errors="0">
  <testcase name="tc_05_clickSignUp_withdetails" time="38.364" classname="com.org.test.TacxTestAssignment"/>
</testsuite> <!-- com.org.test.TacxTestAssignment -->
