<?xml version="1.0" encoding="UTF-8"?>
<!-- Generated by org.testng.reporters.JUnitReportReporter -->
<testsuite skipped="0" hostname="LAPTOP-A5GJABUP" name="com.org.test.TacxTestAssignment" tests="1" failures="0" timestamp="2020-12-02T17:39:25 CET" time="35.086" errors="0">
  <testcase name="tc_05_clickSignUp_withdetails" time="35.086" classname="com.org.test.TacxTestAssignment"/>
</testsuite> <!-- com.org.test.TacxTestAssignment -->
