<?xml version="1.0" encoding="UTF-8"?>
<!-- Generated by org.testng.reporters.JUnitReportReporter -->
<testsuite skipped="0" hostname="LAPTOP-A5GJABUP" name="com.org.test.RestApiAutomation" tests="5" failures="0" timestamp="2020-12-02T22:29:32 CET" time="13.464" errors="0">
  <testcase name="GetSingleEmployeeData" time="5.536" classname="com.org.test.RestApiAutomation"/>
  <testcase name="CreateEmployee" time="5.201" classname="com.org.test.RestApiAutomation"/>
  <testcase name="deleteEmployee" time="0.823" classname="com.org.test.RestApiAutomation"/>
  <testcase name="updateEmployee" time="1.721" classname="com.org.test.RestApiAutomation"/>
  <testcase name="testGetAllEmployee" time="0.183" classname="com.org.test.RestApiAutomation"/>
</testsuite> <!-- com.org.test.RestApiAutomation -->
