<?xml version="1.0" encoding="UTF-8"?>
<!-- Generated by org.testng.reporters.JUnitReportReporter -->
<testsuite skipped="0" hostname="LAPTOP-A5GJABUP" name="com.org.test.RestApiAutomation" tests="5" failures="0" timestamp="2020-12-02T17:39:25 CET" time="7.062" errors="0">
  <testcase name="testGetAllEmployee" time="0.183" classname="com.org.test.RestApiAutomation"/>
  <testcase name="CreateEmployee" time="2.275" classname="com.org.test.RestApiAutomation"/>
  <testcase name="deleteEmployee" time="0.881" classname="com.org.test.RestApiAutomation"/>
  <testcase name="updateEmployee" time="1.565" classname="com.org.test.RestApiAutomation"/>
  <testcase name="GetSingleEmployeeData" time="2.158" classname="com.org.test.RestApiAutomation"/>
</testsuite> <!-- com.org.test.RestApiAutomation -->
