<?xml version="1.0" encoding="UTF-8"?>
<!-- Generated by org.testng.reporters.JUnitReportReporter -->
<testsuite skipped="0" hostname="LAPTOP-A5GJABUP" name="com.org.test.RestApiAutomation" tests="3" failures="0" timestamp="2020-12-01T14:26:03 CET" time="7.961" errors="0">
  <testcase name="CreateEmployee" time="4.914" classname="com.org.test.RestApiAutomation"/>
  <testcase name="testGetAllEmployee" time="0.172" classname="com.org.test.RestApiAutomation"/>
  <testcase name="GetSingleEmployeeData" time="2.875" classname="com.org.test.RestApiAutomation"/>
</testsuite> <!-- com.org.test.RestApiAutomation -->
